<?xml version="1.0" encoding="UTF-8"?>
<testng-results ignored="0" total="1" passed="1" failed="0" skipped="0">
  <reporter-output>
  </reporter-output>
  <suite started-at="2026-02-04T13:39:55 GMT" name="SeleniumFramework Suite" finished-at="2026-02-04T13:40:35 GMT" duration-ms="40060">
    <groups>
    </groups>
    <test started-at="2026-02-04T13:39:55 GMT" name="UI Tests" finished-at="2026-02-04T13:40:35 GMT" duration-ms="40060">
      <class name="org.example.tests.LoginTest">
        <test-method is-config="true" signature="setUp(java.lang.String,java.lang.String)[pri:0, instance:org.example.tests.LoginTest@6d2a209c]" started-at="2026-02-04T13:39:55 GMT" name="setUp" finished-at="2026-02-04T13:40:20 GMT" duration-ms="25083" status="PASS">
          <params>
            <param index="0">
              <value>
                <![CDATA[chrome]]>
              </value>
            </param>
            <param index="1">
              <value>
                <![CDATA[false]]>
              </value>
            </param>
          </params>
          <reporter-output>
          </reporter-output>
        </test-method> <!-- setUp -->
        <test-method signature="shouldLoginAndShowMessage()[pri:0, instance:org.example.tests.LoginTest@6d2a209c]" started-at="2026-02-04T13:40:20 GMT" name="shouldLoginAndShowMessage" finished-at="2026-02-04T13:40:30 GMT" duration-ms="9904" status="PASS">
          <reporter-output>
          </reporter-output>
        </test-method> <!-- shouldLoginAndShowMessage -->
        <test-method is-config="true" signature="tearDown()[pri:0, instance:org.example.tests.LoginTest@6d2a209c]" started-at="2026-02-04T13:40:30 GMT" name="tearDown" finished-at="2026-02-04T13:40:35 GMT" duration-ms="4737" status="PASS">
          <reporter-output>
          </reporter-output>
        </test-method> <!-- tearDown -->
      </class> <!-- org.example.tests.LoginTest -->
    </test> <!-- UI Tests -->
  </suite> <!-- SeleniumFramework Suite -->
</testng-results>
